<?xml version="1.0" encoding="UTF-8"?>
<!-- Generated by org.testng.reporters.JUnitReportReporter -->
<testsuite skipped="0" hostname="NAHESATS49MXFK3" name="testcases.GoogleMap_Test" tests="7" failures="0" timestamp="16 Mar 2022 17:42:02 GMT" time="27.559" errors="0">
  <testcase name="move_mapPin_A" time="3.297" classname="testcases.GoogleMap_Test"/>
  <testcase name="move_mapPin_A_twice" time="2.854" classname="testcases.GoogleMap_Test"/>
  <testcase name="move_mapPin_A_multi" time="8.508" classname="testcases.GoogleMap_Test"/>
  <testcase name="move_mapPin_B" time="2.727" classname="testcases.GoogleMap_Test"/>
  <testcase name="move_mapPin_B_twice" time="3.132" classname="testcases.GoogleMap_Test"/>
  <testcase name="move_mapPin_C" time="3.459" classname="testcases.GoogleMap_Test"/>
  <testcase name="move_mapPin_D" time="3.582" classname="testcases.GoogleMap_Test"/>
</testsuite> <!-- testcases.GoogleMap_Test -->
